<?xml version="1.0" encoding="UTF-8"?>
<robot generator="Robot 3.1.2 (Python 3.7.3 on win32)" generated="20190710 21:25:46.221" rpa="false">
<suite id="s1" name="Test 1" source="C:\Users\MoriRyan\PycharmProjects\demoBackbase\Test 1.robot">
<test id="s1-t1" name="Test Case 1: Navigate to Landingpage">
<kw name="Open browser">
<doc>This keyword creates a webdriver with provided webbrowser</doc>
<kw name="Evaluate" library="BuiltIn">
<doc>Evaluates the given expression in Python and returns the results.</doc>
<arguments>
<arg>sys.modules['selenium.webdriver'].ChromeOptions()</arg>
<arg>sys, selenium.webdriver</arg>
</arguments>
<assign>
<var>${options}</var>
</assign>
<msg timestamp="20190710 21:25:46.414" level="INFO">${options} = &lt;selenium.webdriver.chrome.options.Options object at 0x000002047B4DB978&gt;</msg>
<status status="PASS" starttime="20190710 21:25:46.413" endtime="20190710 21:25:46.414"></status>
</kw>
<kw name="Call Method" library="BuiltIn">
<doc>Calls the named method of the given object with the provided arguments.</doc>
<arguments>
<arg>${options}</arg>
<arg>add_argument</arg>
<arg>disable-web-security</arg>
</arguments>
<status status="PASS" starttime="20190710 21:25:46.414" endtime="20190710 21:25:46.414"></status>
</kw>
<kw name="Call Method" library="BuiltIn">
<doc>Calls the named method of the given object with the provided arguments.</doc>
<arguments>
<arg>${options}</arg>
<arg>add_argument</arg>
<arg>disable-infobars</arg>
</arguments>
<status status="PASS" starttime="20190710 21:25:46.414" endtime="20190710 21:25:46.414"></status>
</kw>
<kw name="Create Webdriver" library="SeleniumLibrary">
<doc>Creates an instance of Selenium WebDriver.</doc>
<arguments>
<arg>Chrome</arg>
<arg>alias=${alias}</arg>
<arg>chrome_options=${options}</arg>
</arguments>
<msg timestamp="20190710 21:25:46.414" level="INFO">Creating an instance of the Chrome WebDriver.</msg>
<status status="PASS" starttime="20190710 21:25:46.414" endtime="20190710 21:25:48.467"></status>
</kw>
<status status="PASS" starttime="20190710 21:25:46.413" endtime="20190710 21:25:48.468"></status>
</kw>
<kw name="Navigate to provided url">
<kw name="Go To" library="SeleniumLibrary">
<doc>Navigates the active browser instance to the provided ``url``.</doc>
<arguments>
<arg>${URL}</arg>
</arguments>
<msg timestamp="20190710 21:25:48.468" level="INFO">Opening url 'http://computer-database.herokuapp.com/computers'</msg>
<status status="PASS" starttime="20190710 21:25:48.468" endtime="20190710 21:25:48.894"></status>
</kw>
<status status="PASS" starttime="20190710 21:25:48.468" endtime="20190710 21:25:48.894"></status>
</kw>
<kw name="Close current browser" type="teardown">
<kw name="Close Browser" library="SeleniumLibrary">
<doc>Closes the current browser.</doc>
<status status="PASS" starttime="20190710 21:25:48.895" endtime="20190710 21:25:50.955"></status>
</kw>
<status status="PASS" starttime="20190710 21:25:48.895" endtime="20190710 21:25:50.955"></status>
</kw>
<doc>Navigate and validate computer database gui
Precondition:
Webbrowser must be installed on device

Expected result:
Homepage of http://computerdatabase.herokuapp.com/computers is visible

Test steps:</doc>
<tags>
<tag>Happyflow</tag>
</tags>
<status status="PASS" starttime="20190710 21:25:46.413" endtime="20190710 21:25:50.955" critical="yes"></status>
</test>
<test id="s1-t2" name="Test Case 2: Verify elements on landingspage">
<kw name="Open browser">
<doc>This keyword creates a webdriver with provided webbrowser</doc>
<kw name="Evaluate" library="BuiltIn">
<doc>Evaluates the given expression in Python and returns the results.</doc>
<arguments>
<arg>sys.modules['selenium.webdriver'].ChromeOptions()</arg>
<arg>sys, selenium.webdriver</arg>
</arguments>
<assign>
<var>${options}</var>
</assign>
<msg timestamp="20190710 21:25:50.957" level="INFO">${options} = &lt;selenium.webdriver.chrome.options.Options object at 0x000002047B559470&gt;</msg>
<status status="PASS" starttime="20190710 21:25:50.957" endtime="20190710 21:25:50.957"></status>
</kw>
<kw name="Call Method" library="BuiltIn">
<doc>Calls the named method of the given object with the provided arguments.</doc>
<arguments>
<arg>${options}</arg>
<arg>add_argument</arg>
<arg>disable-web-security</arg>
</arguments>
<status status="PASS" starttime="20190710 21:25:50.957" endtime="20190710 21:25:50.957"></status>
</kw>
<kw name="Call Method" library="BuiltIn">
<doc>Calls the named method of the given object with the provided arguments.</doc>
<arguments>
<arg>${options}</arg>
<arg>add_argument</arg>
<arg>disable-infobars</arg>
</arguments>
<status status="PASS" starttime="20190710 21:25:50.957" endtime="20190710 21:25:50.958"></status>
</kw>
<kw name="Create Webdriver" library="SeleniumLibrary">
<doc>Creates an instance of Selenium WebDriver.</doc>
<arguments>
<arg>Chrome</arg>
<arg>alias=${alias}</arg>
<arg>chrome_options=${options}</arg>
</arguments>
<msg timestamp="20190710 21:25:50.958" level="INFO">Creating an instance of the Chrome WebDriver.</msg>
<status status="PASS" starttime="20190710 21:25:50.958" endtime="20190710 21:25:53.001"></status>
</kw>
<status status="PASS" starttime="20190710 21:25:50.956" endtime="20190710 21:25:53.001"></status>
</kw>
<kw name="Navigate to provided url">
<kw name="Go To" library="SeleniumLibrary">
<doc>Navigates the active browser instance to the provided ``url``.</doc>
<arguments>
<arg>${URL}</arg>
</arguments>
<msg timestamp="20190710 21:25:53.002" level="INFO">Opening url 'http://computer-database.herokuapp.com/computers'</msg>
<status status="PASS" starttime="20190710 21:25:53.001" endtime="20190710 21:25:53.412"></status>
</kw>
<status status="PASS" starttime="20190710 21:25:53.001" endtime="20190710 21:25:53.412"></status>
</kw>
<kw name="Verify header">
<kw name="Page Should Contain Element" library="SeleniumLibrary">
<doc>Verifies that element ``locator`` is found on the current page.</doc>
<arguments>
<arg>//*[@class="topbar"]//*[contains(text(),"Play sample application — Computer database")]</arg>
</arguments>
<msg timestamp="20190710 21:25:53.532" level="INFO">Current page contains element '//*[@class="topbar"]//*[contains(text(),"Play sample application — Computer database")]'.</msg>
<status status="PASS" starttime="20190710 21:25:53.413" endtime="20190710 21:25:53.532"></status>
</kw>
<status status="PASS" starttime="20190710 21:25:53.413" endtime="20190710 21:25:53.532"></status>
</kw>
<kw name="Verify title">
<kw name="Get Text" library="SeleniumLibrary">
<doc>Returns the text value of element identified by ``locator``.</doc>
<arguments>
<arg>//*[@id="pagination"]/ul/li[2]/a</arg>
</arguments>
<assign>
<var>${message}</var>
</assign>
<msg timestamp="20190710 21:25:53.555" level="INFO">${message} = Displaying 1 to 10 of 576</msg>
<status status="PASS" starttime="20190710 21:25:53.533" endtime="20190710 21:25:53.555"></status>
</kw>
<kw name="Get Substring" library="String">
<doc>Returns a substring from ``start`` index to ``end`` index.</doc>
<arguments>
<arg>${message}</arg>
<arg>-3</arg>
</arguments>
<assign>
<var>${aantal}</var>
</assign>
<msg timestamp="20190710 21:25:53.555" level="INFO">${aantal} = 576</msg>
<status status="PASS" starttime="20190710 21:25:53.555" endtime="20190710 21:25:53.555"></status>
</kw>
<kw name="Page Should Contain" library="SeleniumLibrary">
<doc>Verifies that current page contains ``text``.</doc>
<arguments>
<arg>${aantal} computers found</arg>
</arguments>
<msg timestamp="20190710 21:25:53.568" level="INFO">Current page contains text '576 computers found'.</msg>
<status status="PASS" starttime="20190710 21:25:53.555" endtime="20190710 21:25:53.568"></status>
</kw>
<kw name="Set Suite Variable" library="BuiltIn">
<doc>Makes a variable available everywhere within the scope of the current suite.</doc>
<arguments>
<arg>${aantal}</arg>
</arguments>
<msg timestamp="20190710 21:25:53.569" level="INFO">${aantal} = 576</msg>
<status status="PASS" starttime="20190710 21:25:53.569" endtime="20190710 21:25:53.569"></status>
</kw>
<status status="PASS" starttime="20190710 21:25:53.533" endtime="20190710 21:25:53.569"></status>
</kw>
<kw name="Verify searchbox">
<kw name="Page Should Contain Element" library="SeleniumLibrary">
<doc>Verifies that element ``locator`` is found on the current page.</doc>
<arguments>
<arg>id=searchbox</arg>
</arguments>
<msg timestamp="20190710 21:25:53.579" level="INFO">Current page contains element 'id=searchbox'.</msg>
<status status="PASS" starttime="20190710 21:25:53.570" endtime="20190710 21:25:53.579"></status>
</kw>
<kw name="Get Element Attribute" library="SeleniumLibrary">
<doc>Returns value of ``attribute`` from element ``locator``.</doc>
<arguments>
<arg>id=searchbox</arg>
<arg>placeholder</arg>
</arguments>
<assign>
<var>${placeholder}</var>
</assign>
<msg timestamp="20190710 21:25:53.592" level="INFO">${placeholder} = Filter by computer name...</msg>
<status status="PASS" starttime="20190710 21:25:53.579" endtime="20190710 21:25:53.592"></status>
</kw>
<kw name="Should Be Equal As Strings" library="BuiltIn">
<doc>Fails if objects are unequal after converting them to strings.</doc>
<arguments>
<arg>${placeholder}</arg>
<arg>Filter by computer name...</arg>
</arguments>
<status status="PASS" starttime="20190710 21:25:53.592" endtime="20190710 21:25:53.593"></status>
</kw>
<status status="PASS" starttime="20190710 21:25:53.569" endtime="20190710 21:25:53.593"></status>
</kw>
<kw name="Verify searchbutton">
<kw name="Page Should Contain Element" library="SeleniumLibrary">
<doc>Verifies that element ``locator`` is found on the current page.</doc>
<arguments>
<arg>id=searchsubmit</arg>
</arguments>
<msg timestamp="20190710 21:25:53.603" level="INFO">Current page contains element 'id=searchsubmit'.</msg>
<status status="PASS" starttime="20190710 21:25:53.593" endtime="20190710 21:25:53.603"></status>
</kw>
<kw name="Get Element Attribute" library="SeleniumLibrary">
<doc>Returns value of ``attribute`` from element ``locator``.</doc>
<arguments>
<arg>id=searchsubmit</arg>
<arg>value</arg>
</arguments>
<assign>
<var>${value}</var>
</assign>
<msg timestamp="20190710 21:25:53.616" level="INFO">${value} = Filter by name</msg>
<status status="PASS" starttime="20190710 21:25:53.603" endtime="20190710 21:25:53.616"></status>
</kw>
<kw name="Should Be Equal As Strings" library="BuiltIn">
<doc>Fails if objects are unequal after converting them to strings.</doc>
<arguments>
<arg>${value}</arg>
<arg>Filter by name</arg>
</arguments>
<status status="PASS" starttime="20190710 21:25:53.616" endtime="20190710 21:25:53.617"></status>
</kw>
<status status="PASS" starttime="20190710 21:25:53.593" endtime="20190710 21:25:53.617"></status>
</kw>
<kw name="Verify add computer button">
<kw name="Page Should Contain Element" library="SeleniumLibrary">
<doc>Verifies that element ``locator`` is found on the current page.</doc>
<arguments>
<arg>id=add</arg>
</arguments>
<msg timestamp="20190710 21:25:53.626" level="INFO">Current page contains element 'id=add'.</msg>
<status status="PASS" starttime="20190710 21:25:53.617" endtime="20190710 21:25:53.627"></status>
</kw>
<kw name="Element Should Contain" library="SeleniumLibrary">
<doc>Verifies that element ``locator`` contains text ``expected``.</doc>
<arguments>
<arg>id=add</arg>
<arg>Add a new computer</arg>
</arguments>
<msg timestamp="20190710 21:25:53.646" level="INFO">Element 'id=add' contains text 'Add a new computer'.</msg>
<status status="PASS" starttime="20190710 21:25:53.627" endtime="20190710 21:25:53.646"></status>
</kw>
<status status="PASS" starttime="20190710 21:25:53.617" endtime="20190710 21:25:53.647"></status>
</kw>
<kw name="Verify pagination">
<kw name="Page Should Contain Element" library="SeleniumLibrary">
<doc>Verifies that element ``locator`` is found on the current page.</doc>
<arguments>
<arg>id=pagination</arg>
</arguments>
<msg timestamp="20190710 21:25:53.657" level="INFO">Current page contains element 'id=pagination'.</msg>
<status status="PASS" starttime="20190710 21:25:53.647" endtime="20190710 21:25:53.657"></status>
</kw>
<kw name="Page Should Contain Element" library="SeleniumLibrary">
<doc>Verifies that element ``locator`` is found on the current page.</doc>
<arguments>
<arg>//*[@class="prev disabled"]</arg>
</arguments>
<msg timestamp="20190710 21:25:53.668" level="INFO">Current page contains element '//*[@class="prev disabled"]'.</msg>
<status status="PASS" starttime="20190710 21:25:53.657" endtime="20190710 21:25:53.668"></status>
</kw>
<kw name="Page Should Contain Element" library="SeleniumLibrary">
<doc>Verifies that element ``locator`` is found on the current page.</doc>
<arguments>
<arg>//*[@class="next"]</arg>
</arguments>
<msg timestamp="20190710 21:25:53.677" level="INFO">Current page contains element '//*[@class="next"]'.</msg>
<status status="PASS" starttime="20190710 21:25:53.668" endtime="20190710 21:25:53.678"></status>
</kw>
<kw name="Page Should Contain Element" library="SeleniumLibrary">
<doc>Verifies that element ``locator`` is found on the current page.</doc>
<arguments>
<arg>//*[@class="current"]//a[contains(text(),"Displaying 1 to 10 of ${aantal}")]</arg>
</arguments>
<msg timestamp="20190710 21:25:53.688" level="INFO">Current page contains element '//*[@class="current"]//a[contains(text(),"Displaying 1 to 10 of 576")]'.</msg>
<status status="PASS" starttime="20190710 21:25:53.678" endtime="20190710 21:25:53.688"></status>
</kw>
<status status="PASS" starttime="20190710 21:25:53.647" endtime="20190710 21:25:53.688"></status>
</kw>
<kw name="Close current browser" type="teardown">
<kw name="Close Browser" library="SeleniumLibrary">
<doc>Closes the current browser.</doc>
<status status="PASS" starttime="20190710 21:25:53.689" endtime="20190710 21:25:55.745"></status>
</kw>
<status status="PASS" starttime="20190710 21:25:53.688" endtime="20190710 21:25:55.745"></status>
</kw>
<doc>Verifiying elements on initial landingspage
Precondition:
Homepage of http://computerdatabase.herokuapp.com/computers is visible

Expected result:
All of the elements on the homepage are visible

Test steps:</doc>
<tags>
<tag>Happyflow</tag>
</tags>
<status status="PASS" starttime="20190710 21:25:50.956" endtime="20190710 21:25:55.746" critical="yes"></status>
</test>
<test id="s1-t3" name="Test Case 3: Create new computers">
<kw name="Open browser">
<doc>This keyword creates a webdriver with provided webbrowser</doc>
<kw name="Evaluate" library="BuiltIn">
<doc>Evaluates the given expression in Python and returns the results.</doc>
<arguments>
<arg>sys.modules['selenium.webdriver'].ChromeOptions()</arg>
<arg>sys, selenium.webdriver</arg>
</arguments>
<assign>
<var>${options}</var>
</assign>
<msg timestamp="20190710 21:25:55.748" level="INFO">${options} = &lt;selenium.webdriver.chrome.options.Options object at 0x000002047B562780&gt;</msg>
<status status="PASS" starttime="20190710 21:25:55.748" endtime="20190710 21:25:55.748"></status>
</kw>
<kw name="Call Method" library="BuiltIn">
<doc>Calls the named method of the given object with the provided arguments.</doc>
<arguments>
<arg>${options}</arg>
<arg>add_argument</arg>
<arg>disable-web-security</arg>
</arguments>
<status status="PASS" starttime="20190710 21:25:55.748" endtime="20190710 21:25:55.749"></status>
</kw>
<kw name="Call Method" library="BuiltIn">
<doc>Calls the named method of the given object with the provided arguments.</doc>
<arguments>
<arg>${options}</arg>
<arg>add_argument</arg>
<arg>disable-infobars</arg>
</arguments>
<status status="PASS" starttime="20190710 21:25:55.749" endtime="20190710 21:25:55.749"></status>
</kw>
<kw name="Create Webdriver" library="SeleniumLibrary">
<doc>Creates an instance of Selenium WebDriver.</doc>
<arguments>
<arg>Chrome</arg>
<arg>alias=${alias}</arg>
<arg>chrome_options=${options}</arg>
</arguments>
<msg timestamp="20190710 21:25:55.749" level="INFO">Creating an instance of the Chrome WebDriver.</msg>
<status status="PASS" starttime="20190710 21:25:55.749" endtime="20190710 21:25:57.781"></status>
</kw>
<status status="PASS" starttime="20190710 21:25:55.748" endtime="20190710 21:25:57.781"></status>
</kw>
<kw name="Navigate to provided url">
<kw name="Go To" library="SeleniumLibrary">
<doc>Navigates the active browser instance to the provided ``url``.</doc>
<arguments>
<arg>${URL}</arg>
</arguments>
<msg timestamp="20190710 21:25:57.782" level="INFO">Opening url 'http://computer-database.herokuapp.com/computers'</msg>
<status status="PASS" starttime="20190710 21:25:57.782" endtime="20190710 21:25:58.195"></status>
</kw>
<status status="PASS" starttime="20190710 21:25:57.781" endtime="20190710 21:25:58.195"></status>
</kw>
<kw name="Click 'Add a new computer' button">
<kw name="Click Element" library="SeleniumLibrary">
<doc>Click element identified by ``locator``.</doc>
<arguments>
<arg>id=add</arg>
</arguments>
<msg timestamp="20190710 21:25:58.196" level="INFO">Clicking element 'id=add'.</msg>
<status status="PASS" starttime="20190710 21:25:58.196" endtime="20190710 21:25:58.491"></status>
</kw>
<status status="PASS" starttime="20190710 21:25:58.195" endtime="20190710 21:25:58.491"></status>
</kw>
<kw name="Verify add a computer page">
<kw name="Page Should Contain Element" library="SeleniumLibrary">
<doc>Verifies that element ``locator`` is found on the current page.</doc>
<arguments>
<arg>//*[@id="main"]//*[contains(text(),"Add a computer")]</arg>
</arguments>
<msg timestamp="20190710 21:25:58.502" level="INFO">Current page contains element '//*[@id="main"]//*[contains(text(),"Add a computer")]'.</msg>
<status status="PASS" starttime="20190710 21:25:58.492" endtime="20190710 21:25:58.503"></status>
</kw>
<kw name="Page Should Contain Element" library="SeleniumLibrary">
<doc>Verifies that element ``locator`` is found on the current page.</doc>
<arguments>
<arg>//*[@class="actions"]//*[@value="Create this computer"]</arg>
</arguments>
<msg timestamp="20190710 21:25:58.512" level="INFO">Current page contains element '//*[@class="actions"]//*[@value="Create this computer"]'.</msg>
<status status="PASS" starttime="20190710 21:25:58.503" endtime="20190710 21:25:58.513"></status>
</kw>
<kw name="Page Should Contain Element" library="SeleniumLibrary">
<doc>Verifies that element ``locator`` is found on the current page.</doc>
<arguments>
<arg>//*[@class="actions"]//*[contains(text(),"Cancel")]</arg>
</arguments>
<msg timestamp="20190710 21:25:58.524" level="INFO">Current page contains element '//*[@class="actions"]//*[contains(text(),"Cancel")]'.</msg>
<status status="PASS" starttime="20190710 21:25:58.513" endtime="20190710 21:25:58.524"></status>
</kw>
<kw name="Sleep" library="BuiltIn">
<doc>Pauses the test executed for the given time.</doc>
<arguments>
<arg>1s</arg>
</arguments>
<msg timestamp="20190710 21:25:59.526" level="INFO">Slept 1 second</msg>
<status status="PASS" starttime="20190710 21:25:58.525" endtime="20190710 21:25:59.526"></status>
</kw>
<status status="PASS" starttime="20190710 21:25:58.492" endtime="20190710 21:25:59.526"></status>
</kw>
<kw name="Verify input fields">
<kw name="Page Should Contain Element" library="SeleniumLibrary">
<doc>Verifies that element ``locator`` is found on the current page.</doc>
<arguments>
<arg>id=name</arg>
</arguments>
<msg timestamp="20190710 21:25:59.536" level="INFO">Current page contains element 'id=name'.</msg>
<status status="PASS" starttime="20190710 21:25:59.526" endtime="20190710 21:25:59.536"></status>
</kw>
<kw name="Page Should Contain Element" library="SeleniumLibrary">
<doc>Verifies that element ``locator`` is found on the current page.</doc>
<arguments>
<arg>id=introduced</arg>
</arguments>
<msg timestamp="20190710 21:25:59.547" level="INFO">Current page contains element 'id=introduced'.</msg>
<status status="PASS" starttime="20190710 21:25:59.536" endtime="20190710 21:25:59.547"></status>
</kw>
<kw name="Page Should Contain Element" library="SeleniumLibrary">
<doc>Verifies that element ``locator`` is found on the current page.</doc>
<arguments>
<arg>id=discontinued</arg>
</arguments>
<msg timestamp="20190710 21:25:59.556" level="INFO">Current page contains element 'id=discontinued'.</msg>
<status status="PASS" starttime="20190710 21:25:59.547" endtime="20190710 21:25:59.556"></status>
</kw>
<kw name="Page Should Contain Element" library="SeleniumLibrary">
<doc>Verifies that element ``locator`` is found on the current page.</doc>
<arguments>
<arg>id=company</arg>
</arguments>
<msg timestamp="20190710 21:25:59.565" level="INFO">Current page contains element 'id=company'.</msg>
<status status="PASS" starttime="20190710 21:25:59.556" endtime="20190710 21:25:59.565"></status>
</kw>
<kw name="Sleep" library="BuiltIn">
<doc>Pauses the test executed for the given time.</doc>
<arguments>
<arg>1s</arg>
</arguments>
<msg timestamp="20190710 21:26:00.568" level="INFO">Slept 1 second</msg>
<status status="PASS" starttime="20190710 21:25:59.565" endtime="20190710 21:26:00.568"></status>
</kw>
<status status="PASS" starttime="20190710 21:25:59.526" endtime="20190710 21:26:00.568"></status>
</kw>
<kw name="Fill in computer 1 name">
<kw name="Input Text" library="SeleniumLibrary">
<doc>Types the given ``text`` into text field identified by ``locator``.</doc>
<arguments>
<arg>id=name</arg>
<arg>${computerName1}</arg>
</arguments>
<msg timestamp="20190710 21:26:00.569" level="INFO">Typing text 'Lenovo p52' into text field 'id=name'.</msg>
<status status="PASS" starttime="20190710 21:26:00.569" endtime="20190710 21:26:00.638"></status>
</kw>
<kw name="Sleep" library="BuiltIn">
<doc>Pauses the test executed for the given time.</doc>
<arguments>
<arg>1s</arg>
</arguments>
<msg timestamp="20190710 21:26:01.640" level="INFO">Slept 1 second</msg>
<status status="PASS" starttime="20190710 21:26:00.638" endtime="20190710 21:26:01.640"></status>
</kw>
<status status="PASS" starttime="20190710 21:26:00.568" endtime="20190710 21:26:01.640"></status>
</kw>
<kw name="Fill in introduction 1 date">
<kw name="Input Text" library="SeleniumLibrary">
<doc>Types the given ``text`` into text field identified by ``locator``.</doc>
<arguments>
<arg>id=introduced</arg>
<arg>${introDate1}</arg>
</arguments>
<msg timestamp="20190710 21:26:01.641" level="INFO">Typing text '08-07-2019' into text field 'id=introduced'.</msg>
<status status="PASS" starttime="20190710 21:26:01.641" endtime="20190710 21:26:01.703"></status>
</kw>
<kw name="Sleep" library="BuiltIn">
<doc>Pauses the test executed for the given time.</doc>
<arguments>
<arg>1s</arg>
</arguments>
<msg timestamp="20190710 21:26:02.704" level="INFO">Slept 1 second</msg>
<status status="PASS" starttime="20190710 21:26:01.703" endtime="20190710 21:26:02.704"></status>
</kw>
<status status="PASS" starttime="20190710 21:26:01.640" endtime="20190710 21:26:02.704"></status>
</kw>
<kw name="Fill in discontinue 1 date">
<kw name="Input Text" library="SeleniumLibrary">
<doc>Types the given ``text`` into text field identified by ``locator``.</doc>
<arguments>
<arg>id=discontinued</arg>
<arg>${discontinueDate1}</arg>
</arguments>
<msg timestamp="20190710 21:26:02.706" level="INFO">Typing text '15-07-2024' into text field 'id=discontinued'.</msg>
<status status="PASS" starttime="20190710 21:26:02.706" endtime="20190710 21:26:02.762"></status>
</kw>
<kw name="Sleep" library="BuiltIn">
<doc>Pauses the test executed for the given time.</doc>
<arguments>
<arg>1s</arg>
</arguments>
<msg timestamp="20190710 21:26:03.764" level="INFO">Slept 1 second</msg>
<status status="PASS" starttime="20190710 21:26:02.762" endtime="20190710 21:26:03.764"></status>
</kw>
<status status="PASS" starttime="20190710 21:26:02.704" endtime="20190710 21:26:03.764"></status>
</kw>
<kw name="Fill in company 1 name">
<kw name="Click Element" library="SeleniumLibrary">
<doc>Click element identified by ``locator``.</doc>
<arguments>
<arg>id=company</arg>
</arguments>
<msg timestamp="20190710 21:26:03.764" level="INFO">Clicking element 'id=company'.</msg>
<status status="PASS" starttime="20190710 21:26:03.764" endtime="20190710 21:26:03.819"></status>
</kw>
<kw name="Scroll Element Into View" library="SeleniumLibrary">
<doc>Scrolls an element identified by ``locator`` into view.</doc>
<arguments>
<arg>//*[@id="company"]/option[43]</arg>
</arguments>
<status status="PASS" starttime="20190710 21:26:03.820" endtime="20190710 21:26:03.852"></status>
</kw>
<kw name="Click Element" library="SeleniumLibrary">
<doc>Click element identified by ``locator``.</doc>
<arguments>
<arg>//*[contains(text(),"Samsung Electronics")]</arg>
</arguments>
<msg timestamp="20190710 21:26:03.852" level="INFO">Clicking element '//*[contains(text(),"Samsung Electronics")]'.</msg>
<status status="PASS" starttime="20190710 21:26:03.852" endtime="20190710 21:26:03.880"></status>
</kw>
<kw name="Sleep" library="BuiltIn">
<doc>Pauses the test executed for the given time.</doc>
<arguments>
<arg>1s</arg>
</arguments>
<msg timestamp="20190710 21:26:04.881" level="INFO">Slept 1 second</msg>
<status status="PASS" starttime="20190710 21:26:03.880" endtime="20190710 21:26:04.881"></status>
</kw>
<status status="PASS" starttime="20190710 21:26:03.764" endtime="20190710 21:26:04.881"></status>
</kw>
<kw name="Click create computer">
<kw name="Click Element" library="SeleniumLibrary">
<doc>Click element identified by ``locator``.</doc>
<arguments>
<arg>//*[@class="btn primary"]</arg>
</arguments>
<msg timestamp="20190710 21:26:04.882" level="INFO">Clicking element '//*[@class="btn primary"]'.</msg>
<status status="PASS" starttime="20190710 21:26:04.882" endtime="20190710 21:26:05.035"></status>
</kw>
<kw name="Sleep" library="BuiltIn">
<doc>Pauses the test executed for the given time.</doc>
<arguments>
<arg>1s</arg>
</arguments>
<msg timestamp="20190710 21:26:06.036" level="INFO">Slept 1 second</msg>
<status status="PASS" starttime="20190710 21:26:05.035" endtime="20190710 21:26:06.036"></status>
</kw>
<status status="PASS" starttime="20190710 21:26:04.882" endtime="20190710 21:26:06.036"></status>
</kw>
<kw name="Verify created computer 1 message">
<kw name="Page Should Contain Element" library="SeleniumLibrary">
<doc>Verifies that element ``locator`` is found on the current page.</doc>
<arguments>
<arg>//*[@class="alert-message warning"]//*[contains(text(),"${computerName1}")]</arg>
</arguments>
<kw name="Capture Page Screenshot" library="SeleniumLibrary">
<doc>Takes screenshot of the current page and embeds it into log file.</doc>
<msg timestamp="20190710 21:26:06.285" level="INFO" html="yes">&lt;/td&gt;&lt;/tr&gt;&lt;tr&gt;&lt;td colspan="3"&gt;&lt;a href="selenium-screenshot-12.png"&gt;&lt;img src="selenium-screenshot-12.png" width="800px"&gt;&lt;/a&gt;</msg>
<status status="PASS" starttime="20190710 21:26:06.051" endtime="20190710 21:26:06.285"></status>
</kw>
<msg timestamp="20190710 21:26:06.286" level="FAIL">Page should have contained element '//*[@class="alert-message warning"]//*[contains(text(),"Lenovo p52")]' but did not.</msg>
<status status="FAIL" starttime="20190710 21:26:06.037" endtime="20190710 21:26:06.286"></status>
</kw>
<status status="FAIL" starttime="20190710 21:26:06.037" endtime="20190710 21:26:06.287"></status>
</kw>
<kw name="Close current browser" type="teardown">
<kw name="Close Browser" library="SeleniumLibrary">
<doc>Closes the current browser.</doc>
<status status="PASS" starttime="20190710 21:26:06.287" endtime="20190710 21:26:08.367"></status>
</kw>
<status status="PASS" starttime="20190710 21:26:06.287" endtime="20190710 21:26:08.367"></status>
</kw>
<doc>Testing the happy flow of adding a new computer
Precondition:
Navigate to create a computer page

Expected result:
Computer is added to database

Test steps:</doc>
<tags>
<tag>Create</tag>
<tag>Happyflow</tag>
</tags>
<status status="FAIL" starttime="20190710 21:25:55.747" endtime="20190710 21:26:08.368" critical="yes">Page should have contained element '//*[@class="alert-message warning"]//*[contains(text(),"Lenovo p52")]' but did not.</status>
</test>
<test id="s1-t4" name="Test Case 4: Verify created computer 1">
<kw name="Open browser">
<doc>This keyword creates a webdriver with provided webbrowser</doc>
<kw name="Evaluate" library="BuiltIn">
<doc>Evaluates the given expression in Python and returns the results.</doc>
<arguments>
<arg>sys.modules['selenium.webdriver'].ChromeOptions()</arg>
<arg>sys, selenium.webdriver</arg>
</arguments>
<assign>
<var>${options}</var>
</assign>
<msg timestamp="20190710 21:26:08.370" level="INFO">${options} = &lt;selenium.webdriver.chrome.options.Options object at 0x000002047B5AD4A8&gt;</msg>
<status status="PASS" starttime="20190710 21:26:08.370" endtime="20190710 21:26:08.370"></status>
</kw>
<kw name="Call Method" library="BuiltIn">
<doc>Calls the named method of the given object with the provided arguments.</doc>
<arguments>
<arg>${options}</arg>
<arg>add_argument</arg>
<arg>disable-web-security</arg>
</arguments>
<status status="PASS" starttime="20190710 21:26:08.370" endtime="20190710 21:26:08.370"></status>
</kw>
<kw name="Call Method" library="BuiltIn">
<doc>Calls the named method of the given object with the provided arguments.</doc>
<arguments>
<arg>${options}</arg>
<arg>add_argument</arg>
<arg>disable-infobars</arg>
</arguments>
<status status="PASS" starttime="20190710 21:26:08.370" endtime="20190710 21:26:08.370"></status>
</kw>
<kw name="Create Webdriver" library="SeleniumLibrary">
<doc>Creates an instance of Selenium WebDriver.</doc>
<arguments>
<arg>Chrome</arg>
<arg>alias=${alias}</arg>
<arg>chrome_options=${options}</arg>
</arguments>
<msg timestamp="20190710 21:26:08.371" level="INFO">Creating an instance of the Chrome WebDriver.</msg>
<status status="PASS" starttime="20190710 21:26:08.371" endtime="20190710 21:26:10.423"></status>
</kw>
<status status="PASS" starttime="20190710 21:26:08.370" endtime="20190710 21:26:10.423"></status>
</kw>
<kw name="Navigate to provided url">
<kw name="Go To" library="SeleniumLibrary">
<doc>Navigates the active browser instance to the provided ``url``.</doc>
<arguments>
<arg>${URL}</arg>
</arguments>
<msg timestamp="20190710 21:26:10.424" level="INFO">Opening url 'http://computer-database.herokuapp.com/computers'</msg>
<status status="PASS" starttime="20190710 21:26:10.424" endtime="20190710 21:26:10.851"></status>
</kw>
<status status="PASS" starttime="20190710 21:26:10.424" endtime="20190710 21:26:10.851"></status>
</kw>
<kw name="Type computername 1 into searchfield">
<kw name="Input Text" library="SeleniumLibrary">
<doc>Types the given ``text`` into text field identified by ``locator``.</doc>
<arguments>
<arg>id=searchbox</arg>
<arg>${computerName1}</arg>
</arguments>
<msg timestamp="20190710 21:26:10.852" level="INFO">Typing text 'Lenovo p52' into text field 'id=searchbox'.</msg>
<status status="PASS" starttime="20190710 21:26:10.852" endtime="20190710 21:26:11.026"></status>
</kw>
<kw name="Sleep" library="BuiltIn">
<doc>Pauses the test executed for the given time.</doc>
<arguments>
<arg>1s</arg>
</arguments>
<msg timestamp="20190710 21:26:12.028" level="INFO">Slept 1 second</msg>
<status status="PASS" starttime="20190710 21:26:11.027" endtime="20190710 21:26:12.028"></status>
</kw>
<status status="PASS" starttime="20190710 21:26:10.852" endtime="20190710 21:26:12.028"></status>
</kw>
<kw name="Click &quot;Filter by name&quot;">
<kw name="Click Element" library="SeleniumLibrary">
<doc>Click element identified by ``locator``.</doc>
<arguments>
<arg>id=searchsubmit</arg>
</arguments>
<msg timestamp="20190710 21:26:12.028" level="INFO">Clicking element 'id=searchsubmit'.</msg>
<status status="PASS" starttime="20190710 21:26:12.028" endtime="20190710 21:26:12.172"></status>
</kw>
<kw name="Sleep" library="BuiltIn">
<doc>Pauses the test executed for the given time.</doc>
<arguments>
<arg>1s</arg>
</arguments>
<msg timestamp="20190710 21:26:13.173" level="INFO">Slept 1 second</msg>
<status status="PASS" starttime="20190710 21:26:12.172" endtime="20190710 21:26:13.173"></status>
</kw>
<status status="PASS" starttime="20190710 21:26:12.028" endtime="20190710 21:26:13.173"></status>
</kw>
<kw name="Verify result computer 1">
<kw name="Page Should Contain" library="SeleniumLibrary">
<doc>Verifies that current page contains ``text``.</doc>
<arguments>
<arg>${computerName1}</arg>
</arguments>
<kw name="Capture Page Screenshot" library="SeleniumLibrary">
<doc>Takes screenshot of the current page and embeds it into log file.</doc>
<msg timestamp="20190710 21:26:13.456" level="INFO" html="yes">&lt;/td&gt;&lt;/tr&gt;&lt;tr&gt;&lt;td colspan="3"&gt;&lt;a href="selenium-screenshot-13.png"&gt;&lt;img src="selenium-screenshot-13.png" width="800px"&gt;&lt;/a&gt;</msg>
<status status="PASS" starttime="20190710 21:26:13.200" endtime="20190710 21:26:13.456"></status>
</kw>
<msg timestamp="20190710 21:26:13.456" level="FAIL">Page should have contained text 'Lenovo p52' but did not.</msg>
<status status="FAIL" starttime="20190710 21:26:13.174" endtime="20190710 21:26:13.456"></status>
</kw>
<status status="FAIL" starttime="20190710 21:26:13.173" endtime="20190710 21:26:13.456"></status>
</kw>
<kw name="Close current browser" type="teardown">
<kw name="Close Browser" library="SeleniumLibrary">
<doc>Closes the current browser.</doc>
<status status="PASS" starttime="20190710 21:26:13.457" endtime="20190710 21:26:15.517"></status>
</kw>
<status status="PASS" starttime="20190710 21:26:13.457" endtime="20190710 21:26:15.517"></status>
</kw>
<doc>Checking the first added computer
Precondition:
Searchbox has been filled in
Filter by name has been clicked

Expected result:
Computer is visible in database after search

Test steps:</doc>
<tags>
<tag>Happyflow</tag>
<tag>Read</tag>
</tags>
<status status="FAIL" starttime="20190710 21:26:08.369" endtime="20190710 21:26:15.518" critical="yes">Page should have contained text 'Lenovo p52' but did not.</status>
</test>
<test id="s1-t5" name="Test Case 5: Delete created computer 1">
<kw name="Open browser">
<doc>This keyword creates a webdriver with provided webbrowser</doc>
<kw name="Evaluate" library="BuiltIn">
<doc>Evaluates the given expression in Python and returns the results.</doc>
<arguments>
<arg>sys.modules['selenium.webdriver'].ChromeOptions()</arg>
<arg>sys, selenium.webdriver</arg>
</arguments>
<assign>
<var>${options}</var>
</assign>
<msg timestamp="20190710 21:26:15.520" level="INFO">${options} = &lt;selenium.webdriver.chrome.options.Options object at 0x000002047B5B65F8&gt;</msg>
<status status="PASS" starttime="20190710 21:26:15.520" endtime="20190710 21:26:15.520"></status>
</kw>
<kw name="Call Method" library="BuiltIn">
<doc>Calls the named method of the given object with the provided arguments.</doc>
<arguments>
<arg>${options}</arg>
<arg>add_argument</arg>
<arg>disable-web-security</arg>
</arguments>
<status status="PASS" starttime="20190710 21:26:15.520" endtime="20190710 21:26:15.520"></status>
</kw>
<kw name="Call Method" library="BuiltIn">
<doc>Calls the named method of the given object with the provided arguments.</doc>
<arguments>
<arg>${options}</arg>
<arg>add_argument</arg>
<arg>disable-infobars</arg>
</arguments>
<status status="PASS" starttime="20190710 21:26:15.520" endtime="20190710 21:26:15.521"></status>
</kw>
<kw name="Create Webdriver" library="SeleniumLibrary">
<doc>Creates an instance of Selenium WebDriver.</doc>
<arguments>
<arg>Chrome</arg>
<arg>alias=${alias}</arg>
<arg>chrome_options=${options}</arg>
</arguments>
<msg timestamp="20190710 21:26:15.521" level="INFO">Creating an instance of the Chrome WebDriver.</msg>
<status status="PASS" starttime="20190710 21:26:15.521" endtime="20190710 21:26:17.555"></status>
</kw>
<status status="PASS" starttime="20190710 21:26:15.520" endtime="20190710 21:26:17.555"></status>
</kw>
<kw name="Navigate to provided url">
<kw name="Go To" library="SeleniumLibrary">
<doc>Navigates the active browser instance to the provided ``url``.</doc>
<arguments>
<arg>${URL}</arg>
</arguments>
<msg timestamp="20190710 21:26:17.556" level="INFO">Opening url 'http://computer-database.herokuapp.com/computers'</msg>
<status status="PASS" starttime="20190710 21:26:17.556" endtime="20190710 21:26:17.982"></status>
</kw>
<status status="PASS" starttime="20190710 21:26:17.555" endtime="20190710 21:26:17.982"></status>
</kw>
<kw name="Type computername 1 into searchfield">
<kw name="Input Text" library="SeleniumLibrary">
<doc>Types the given ``text`` into text field identified by ``locator``.</doc>
<arguments>
<arg>id=searchbox</arg>
<arg>${computerName1}</arg>
</arguments>
<msg timestamp="20190710 21:26:17.983" level="INFO">Typing text 'Lenovo p52' into text field 'id=searchbox'.</msg>
<status status="PASS" starttime="20190710 21:26:17.983" endtime="20190710 21:26:18.158"></status>
</kw>
<kw name="Sleep" library="BuiltIn">
<doc>Pauses the test executed for the given time.</doc>
<arguments>
<arg>1s</arg>
</arguments>
<msg timestamp="20190710 21:26:19.159" level="INFO">Slept 1 second</msg>
<status status="PASS" starttime="20190710 21:26:18.158" endtime="20190710 21:26:19.159"></status>
</kw>
<status status="PASS" starttime="20190710 21:26:17.983" endtime="20190710 21:26:19.159"></status>
</kw>
<kw name="Click &quot;Filter by name&quot;">
<kw name="Click Element" library="SeleniumLibrary">
<doc>Click element identified by ``locator``.</doc>
<arguments>
<arg>id=searchsubmit</arg>
</arguments>
<msg timestamp="20190710 21:26:19.160" level="INFO">Clicking element 'id=searchsubmit'.</msg>
<status status="PASS" starttime="20190710 21:26:19.160" endtime="20190710 21:26:19.306"></status>
</kw>
<kw name="Sleep" library="BuiltIn">
<doc>Pauses the test executed for the given time.</doc>
<arguments>
<arg>1s</arg>
</arguments>
<msg timestamp="20190710 21:26:20.308" level="INFO">Slept 1 second</msg>
<status status="PASS" starttime="20190710 21:26:19.306" endtime="20190710 21:26:20.308"></status>
</kw>
<status status="PASS" starttime="20190710 21:26:19.160" endtime="20190710 21:26:20.308"></status>
</kw>
<kw name="Verify result computer 1">
<kw name="Page Should Contain" library="SeleniumLibrary">
<doc>Verifies that current page contains ``text``.</doc>
<arguments>
<arg>${computerName1}</arg>
</arguments>
<kw name="Capture Page Screenshot" library="SeleniumLibrary">
<doc>Takes screenshot of the current page and embeds it into log file.</doc>
<msg timestamp="20190710 21:26:20.602" level="INFO" html="yes">&lt;/td&gt;&lt;/tr&gt;&lt;tr&gt;&lt;td colspan="3"&gt;&lt;a href="selenium-screenshot-14.png"&gt;&lt;img src="selenium-screenshot-14.png" width="800px"&gt;&lt;/a&gt;</msg>
<status status="PASS" starttime="20190710 21:26:20.337" endtime="20190710 21:26:20.602"></status>
</kw>
<msg timestamp="20190710 21:26:20.603" level="FAIL">Page should have contained text 'Lenovo p52' but did not.</msg>
<status status="FAIL" starttime="20190710 21:26:20.309" endtime="20190710 21:26:20.603"></status>
</kw>
<status status="FAIL" starttime="20190710 21:26:20.309" endtime="20190710 21:26:20.603"></status>
</kw>
<kw name="Close current browser" type="teardown">
<kw name="Close Browser" library="SeleniumLibrary">
<doc>Closes the current browser.</doc>
<status status="PASS" starttime="20190710 21:26:20.604" endtime="20190710 21:26:22.665"></status>
</kw>
<status status="PASS" starttime="20190710 21:26:20.604" endtime="20190710 21:26:22.665"></status>
</kw>
<doc>Deleting the first added computer
Precondition:
Searchbox has been filled in
Filter by name has been clicked

Expected result:
Computer is visible in database after search

Test steps:</doc>
<tags>
<tag>Delete</tag>
<tag>Happyflow</tag>
</tags>
<status status="FAIL" starttime="20190710 21:26:15.519" endtime="20190710 21:26:22.666" critical="yes">Page should have contained text 'Lenovo p52' but did not.</status>
</test>
<test id="s1-t6" name="Test Case 6: Edit computer 2 valid">
<kw name="Open browser">
<doc>This keyword creates a webdriver with provided webbrowser</doc>
<kw name="Evaluate" library="BuiltIn">
<doc>Evaluates the given expression in Python and returns the results.</doc>
<arguments>
<arg>sys.modules['selenium.webdriver'].ChromeOptions()</arg>
<arg>sys, selenium.webdriver</arg>
</arguments>
<assign>
<var>${options}</var>
</assign>
<msg timestamp="20190710 21:26:22.669" level="INFO">${options} = &lt;selenium.webdriver.chrome.options.Options object at 0x000002047B5C4630&gt;</msg>
<status status="PASS" starttime="20190710 21:26:22.668" endtime="20190710 21:26:22.669"></status>
</kw>
<kw name="Call Method" library="BuiltIn">
<doc>Calls the named method of the given object with the provided arguments.</doc>
<arguments>
<arg>${options}</arg>
<arg>add_argument</arg>
<arg>disable-web-security</arg>
</arguments>
<status status="PASS" starttime="20190710 21:26:22.669" endtime="20190710 21:26:22.669"></status>
</kw>
<kw name="Call Method" library="BuiltIn">
<doc>Calls the named method of the given object with the provided arguments.</doc>
<arguments>
<arg>${options}</arg>
<arg>add_argument</arg>
<arg>disable-infobars</arg>
</arguments>
<status status="PASS" starttime="20190710 21:26:22.669" endtime="20190710 21:26:22.669"></status>
</kw>
<kw name="Create Webdriver" library="SeleniumLibrary">
<doc>Creates an instance of Selenium WebDriver.</doc>
<arguments>
<arg>Chrome</arg>
<arg>alias=${alias}</arg>
<arg>chrome_options=${options}</arg>
</arguments>
<msg timestamp="20190710 21:26:22.669" level="INFO">Creating an instance of the Chrome WebDriver.</msg>
<status status="PASS" starttime="20190710 21:26:22.669" endtime="20190710 21:26:24.709"></status>
</kw>
<status status="PASS" starttime="20190710 21:26:22.668" endtime="20190710 21:26:24.709"></status>
</kw>
<kw name="Navigate to provided url">
<kw name="Go To" library="SeleniumLibrary">
<doc>Navigates the active browser instance to the provided ``url``.</doc>
<arguments>
<arg>${URL}</arg>
</arguments>
<msg timestamp="20190710 21:26:24.710" level="INFO">Opening url 'http://computer-database.herokuapp.com/computers'</msg>
<status status="PASS" starttime="20190710 21:26:24.710" endtime="20190710 21:26:25.123"></status>
</kw>
<status status="PASS" starttime="20190710 21:26:24.709" endtime="20190710 21:26:25.123"></status>
</kw>
<kw name="Type computername 2 into searchfield">
<kw name="Input Text" library="SeleniumLibrary">
<doc>Types the given ``text`` into text field identified by ``locator``.</doc>
<arguments>
<arg>id=searchbox</arg>
<arg>${computerName2}</arg>
</arguments>
<msg timestamp="20190710 21:26:25.124" level="INFO">Typing text 'HP X1' into text field 'id=searchbox'.</msg>
<status status="PASS" starttime="20190710 21:26:25.124" endtime="20190710 21:26:25.296"></status>
</kw>
<kw name="Sleep" library="BuiltIn">
<doc>Pauses the test executed for the given time.</doc>
<arguments>
<arg>1s</arg>
</arguments>
<msg timestamp="20190710 21:26:26.297" level="INFO">Slept 1 second</msg>
<status status="PASS" starttime="20190710 21:26:25.296" endtime="20190710 21:26:26.297"></status>
</kw>
<status status="PASS" starttime="20190710 21:26:25.124" endtime="20190710 21:26:26.297"></status>
</kw>
<kw name="Click &quot;Filter by name&quot;">
<kw name="Click Element" library="SeleniumLibrary">
<doc>Click element identified by ``locator``.</doc>
<arguments>
<arg>id=searchsubmit</arg>
</arguments>
<msg timestamp="20190710 21:26:26.298" level="INFO">Clicking element 'id=searchsubmit'.</msg>
<status status="PASS" starttime="20190710 21:26:26.298" endtime="20190710 21:26:26.438"></status>
</kw>
<kw name="Sleep" library="BuiltIn">
<doc>Pauses the test executed for the given time.</doc>
<arguments>
<arg>1s</arg>
</arguments>
<msg timestamp="20190710 21:26:27.439" level="INFO">Slept 1 second</msg>
<status status="PASS" starttime="20190710 21:26:26.438" endtime="20190710 21:26:27.439"></status>
</kw>
<status status="PASS" starttime="20190710 21:26:26.297" endtime="20190710 21:26:27.439"></status>
</kw>
<kw name="Verify result computer 2">
<kw name="Page Should Contain" library="SeleniumLibrary">
<doc>Verifies that current page contains ``text``.</doc>
<arguments>
<arg>${computerName2}</arg>
</arguments>
<kw name="Capture Page Screenshot" library="SeleniumLibrary">
<doc>Takes screenshot of the current page and embeds it into log file.</doc>
<msg timestamp="20190710 21:26:27.732" level="INFO" html="yes">&lt;/td&gt;&lt;/tr&gt;&lt;tr&gt;&lt;td colspan="3"&gt;&lt;a href="selenium-screenshot-15.png"&gt;&lt;img src="selenium-screenshot-15.png" width="800px"&gt;&lt;/a&gt;</msg>
<status status="PASS" starttime="20190710 21:26:27.466" endtime="20190710 21:26:27.732"></status>
</kw>
<msg timestamp="20190710 21:26:27.733" level="FAIL">Page should have contained text 'HP X1' but did not.</msg>
<status status="FAIL" starttime="20190710 21:26:27.440" endtime="20190710 21:26:27.733"></status>
</kw>
<status status="FAIL" starttime="20190710 21:26:27.439" endtime="20190710 21:26:27.733"></status>
</kw>
<kw name="Close current browser" type="teardown">
<kw name="Close Browser" library="SeleniumLibrary">
<doc>Closes the current browser.</doc>
<status status="PASS" starttime="20190710 21:26:27.733" endtime="20190710 21:26:29.798"></status>
</kw>
<status status="PASS" starttime="20190710 21:26:27.733" endtime="20190710 21:26:29.798"></status>
</kw>
<doc>Editing the second computer with different values
Precondition:
Searchbox has been filled in
Filter by name has been clicked

Expected result:
Edited values are saved to database

Test steps:</doc>
<tags>
<tag>Edit</tag>
<tag>Happyflow</tag>
</tags>
<status status="FAIL" starttime="20190710 21:26:22.667" endtime="20190710 21:26:29.799" critical="yes">Page should have contained text 'HP X1' but did not.</status>
</test>
<test id="s1-t7" name="Test Case 7: Edit computer 2 same values">
<kw name="Open browser">
<doc>This keyword creates a webdriver with provided webbrowser</doc>
<kw name="Evaluate" library="BuiltIn">
<doc>Evaluates the given expression in Python and returns the results.</doc>
<arguments>
<arg>sys.modules['selenium.webdriver'].ChromeOptions()</arg>
<arg>sys, selenium.webdriver</arg>
</arguments>
<assign>
<var>${options}</var>
</assign>
<msg timestamp="20190710 21:26:29.802" level="INFO">${options} = &lt;selenium.webdriver.chrome.options.Options object at 0x000002047B5CA7F0&gt;</msg>
<status status="PASS" starttime="20190710 21:26:29.801" endtime="20190710 21:26:29.802"></status>
</kw>
<kw name="Call Method" library="BuiltIn">
<doc>Calls the named method of the given object with the provided arguments.</doc>
<arguments>
<arg>${options}</arg>
<arg>add_argument</arg>
<arg>disable-web-security</arg>
</arguments>
<status status="PASS" starttime="20190710 21:26:29.802" endtime="20190710 21:26:29.802"></status>
</kw>
<kw name="Call Method" library="BuiltIn">
<doc>Calls the named method of the given object with the provided arguments.</doc>
<arguments>
<arg>${options}</arg>
<arg>add_argument</arg>
<arg>disable-infobars</arg>
</arguments>
<status status="PASS" starttime="20190710 21:26:29.802" endtime="20190710 21:26:29.802"></status>
</kw>
<kw name="Create Webdriver" library="SeleniumLibrary">
<doc>Creates an instance of Selenium WebDriver.</doc>
<arguments>
<arg>Chrome</arg>
<arg>alias=${alias}</arg>
<arg>chrome_options=${options}</arg>
</arguments>
<msg timestamp="20190710 21:26:29.802" level="INFO">Creating an instance of the Chrome WebDriver.</msg>
<status status="PASS" starttime="20190710 21:26:29.802" endtime="20190710 21:26:31.845"></status>
</kw>
<status status="PASS" starttime="20190710 21:26:29.801" endtime="20190710 21:26:31.845"></status>
</kw>
<kw name="Navigate to provided url">
<kw name="Go To" library="SeleniumLibrary">
<doc>Navigates the active browser instance to the provided ``url``.</doc>
<arguments>
<arg>${URL}</arg>
</arguments>
<msg timestamp="20190710 21:26:31.846" level="INFO">Opening url 'http://computer-database.herokuapp.com/computers'</msg>
<status status="PASS" starttime="20190710 21:26:31.846" endtime="20190710 21:26:32.278"></status>
</kw>
<status status="PASS" starttime="20190710 21:26:31.846" endtime="20190710 21:26:32.279"></status>
</kw>
<kw name="Type computername 2 into searchfield">
<kw name="Input Text" library="SeleniumLibrary">
<doc>Types the given ``text`` into text field identified by ``locator``.</doc>
<arguments>
<arg>id=searchbox</arg>
<arg>${computerName2}</arg>
</arguments>
<msg timestamp="20190710 21:26:32.279" level="INFO">Typing text 'HP X1' into text field 'id=searchbox'.</msg>
<status status="PASS" starttime="20190710 21:26:32.279" endtime="20190710 21:26:32.445"></status>
</kw>
<kw name="Sleep" library="BuiltIn">
<doc>Pauses the test executed for the given time.</doc>
<arguments>
<arg>1s</arg>
</arguments>
<msg timestamp="20190710 21:26:33.446" level="INFO">Slept 1 second</msg>
<status status="PASS" starttime="20190710 21:26:32.445" endtime="20190710 21:26:33.446"></status>
</kw>
<status status="PASS" starttime="20190710 21:26:32.279" endtime="20190710 21:26:33.446"></status>
</kw>
<kw name="Click &quot;Filter by name&quot;">
<kw name="Click Element" library="SeleniumLibrary">
<doc>Click element identified by ``locator``.</doc>
<arguments>
<arg>id=searchsubmit</arg>
</arguments>
<msg timestamp="20190710 21:26:33.447" level="INFO">Clicking element 'id=searchsubmit'.</msg>
<status status="PASS" starttime="20190710 21:26:33.447" endtime="20190710 21:26:33.592"></status>
</kw>
<kw name="Sleep" library="BuiltIn">
<doc>Pauses the test executed for the given time.</doc>
<arguments>
<arg>1s</arg>
</arguments>
<msg timestamp="20190710 21:26:34.594" level="INFO">Slept 1 second</msg>
<status status="PASS" starttime="20190710 21:26:33.592" endtime="20190710 21:26:34.594"></status>
</kw>
<status status="PASS" starttime="20190710 21:26:33.446" endtime="20190710 21:26:34.594"></status>
</kw>
<kw name="Verify result computer 2">
<kw name="Page Should Contain" library="SeleniumLibrary">
<doc>Verifies that current page contains ``text``.</doc>
<arguments>
<arg>${computerName2}</arg>
</arguments>
<kw name="Capture Page Screenshot" library="SeleniumLibrary">
<doc>Takes screenshot of the current page and embeds it into log file.</doc>
<msg timestamp="20190710 21:26:34.878" level="INFO" html="yes">&lt;/td&gt;&lt;/tr&gt;&lt;tr&gt;&lt;td colspan="3"&gt;&lt;a href="selenium-screenshot-16.png"&gt;&lt;img src="selenium-screenshot-16.png" width="800px"&gt;&lt;/a&gt;</msg>
<status status="PASS" starttime="20190710 21:26:34.621" endtime="20190710 21:26:34.878"></status>
</kw>
<msg timestamp="20190710 21:26:34.878" level="FAIL">Page should have contained text 'HP X1' but did not.</msg>
<status status="FAIL" starttime="20190710 21:26:34.594" endtime="20190710 21:26:34.878"></status>
</kw>
<status status="FAIL" starttime="20190710 21:26:34.594" endtime="20190710 21:26:34.878"></status>
</kw>
<kw name="Close current browser" type="teardown">
<kw name="Close Browser" library="SeleniumLibrary">
<doc>Closes the current browser.</doc>
<status status="PASS" starttime="20190710 21:26:34.879" endtime="20190710 21:26:36.944"></status>
</kw>
<status status="PASS" starttime="20190710 21:26:34.879" endtime="20190710 21:26:36.944"></status>
</kw>
<doc>Editing the second computer with same values
Precondition:
Searchbox has been filled in
Filter by name has been clicked

Expected result:
Message containing nothing has been changed

Test steps:</doc>
<tags>
<tag>Edit</tag>
<tag>Sadflow</tag>
</tags>
<status status="FAIL" starttime="20190710 21:26:29.800" endtime="20190710 21:26:36.945" critical="yes">Page should have contained text 'HP X1' but did not.</status>
</test>
<test id="s1-t8" name="Test Case 8: Search non-existing computer">
<kw name="Open browser">
<doc>This keyword creates a webdriver with provided webbrowser</doc>
<kw name="Evaluate" library="BuiltIn">
<doc>Evaluates the given expression in Python and returns the results.</doc>
<arguments>
<arg>sys.modules['selenium.webdriver'].ChromeOptions()</arg>
<arg>sys, selenium.webdriver</arg>
</arguments>
<assign>
<var>${options}</var>
</assign>
<msg timestamp="20190710 21:26:36.948" level="INFO">${options} = &lt;selenium.webdriver.chrome.options.Options object at 0x000002047B5B6EB8&gt;</msg>
<status status="PASS" starttime="20190710 21:26:36.947" endtime="20190710 21:26:36.948"></status>
</kw>
<kw name="Call Method" library="BuiltIn">
<doc>Calls the named method of the given object with the provided arguments.</doc>
<arguments>
<arg>${options}</arg>
<arg>add_argument</arg>
<arg>disable-web-security</arg>
</arguments>
<status status="PASS" starttime="20190710 21:26:36.948" endtime="20190710 21:26:36.948"></status>
</kw>
<kw name="Call Method" library="BuiltIn">
<doc>Calls the named method of the given object with the provided arguments.</doc>
<arguments>
<arg>${options}</arg>
<arg>add_argument</arg>
<arg>disable-infobars</arg>
</arguments>
<status status="PASS" starttime="20190710 21:26:36.948" endtime="20190710 21:26:36.948"></status>
</kw>
<kw name="Create Webdriver" library="SeleniumLibrary">
<doc>Creates an instance of Selenium WebDriver.</doc>
<arguments>
<arg>Chrome</arg>
<arg>alias=${alias}</arg>
<arg>chrome_options=${options}</arg>
</arguments>
<msg timestamp="20190710 21:26:36.948" level="INFO">Creating an instance of the Chrome WebDriver.</msg>
<status status="PASS" starttime="20190710 21:26:36.948" endtime="20190710 21:26:38.991"></status>
</kw>
<status status="PASS" starttime="20190710 21:26:36.947" endtime="20190710 21:26:38.991"></status>
</kw>
<kw name="Navigate to provided url">
<kw name="Go To" library="SeleniumLibrary">
<doc>Navigates the active browser instance to the provided ``url``.</doc>
<arguments>
<arg>${URL}</arg>
</arguments>
<msg timestamp="20190710 21:26:38.992" level="INFO">Opening url 'http://computer-database.herokuapp.com/computers'</msg>
<status status="PASS" starttime="20190710 21:26:38.992" endtime="20190710 21:26:39.400"></status>
</kw>
<status status="PASS" starttime="20190710 21:26:38.992" endtime="20190710 21:26:39.400"></status>
</kw>
<kw name="Type computername x into searchfield">
<kw name="Input Text" library="SeleniumLibrary">
<doc>Types the given ``text`` into text field identified by ``locator``.</doc>
<arguments>
<arg>id=searchbox</arg>
<arg>${computerNamex}</arg>
</arguments>
<msg timestamp="20190710 21:26:39.401" level="INFO">Typing text 'XXXX' into text field 'id=searchbox'.</msg>
<status status="PASS" starttime="20190710 21:26:39.401" endtime="20190710 21:26:39.565"></status>
</kw>
<kw name="Sleep" library="BuiltIn">
<doc>Pauses the test executed for the given time.</doc>
<arguments>
<arg>1s</arg>
</arguments>
<msg timestamp="20190710 21:26:40.566" level="INFO">Slept 1 second</msg>
<status status="PASS" starttime="20190710 21:26:39.565" endtime="20190710 21:26:40.566"></status>
</kw>
<status status="PASS" starttime="20190710 21:26:39.401" endtime="20190710 21:26:40.566"></status>
</kw>
<kw name="Click &quot;Filter by name&quot;">
<kw name="Click Element" library="SeleniumLibrary">
<doc>Click element identified by ``locator``.</doc>
<arguments>
<arg>id=searchsubmit</arg>
</arguments>
<msg timestamp="20190710 21:26:40.566" level="INFO">Clicking element 'id=searchsubmit'.</msg>
<status status="PASS" starttime="20190710 21:26:40.566" endtime="20190710 21:26:40.713"></status>
</kw>
<kw name="Sleep" library="BuiltIn">
<doc>Pauses the test executed for the given time.</doc>
<arguments>
<arg>1s</arg>
</arguments>
<msg timestamp="20190710 21:26:41.714" level="INFO">Slept 1 second</msg>
<status status="PASS" starttime="20190710 21:26:40.713" endtime="20190710 21:26:41.714"></status>
</kw>
<status status="PASS" starttime="20190710 21:26:40.566" endtime="20190710 21:26:41.714"></status>
</kw>
<kw name="Verify error message">
<kw name="Page Should Contain Element" library="SeleniumLibrary">
<doc>Verifies that element ``locator`` is found on the current page.</doc>
<arguments>
<arg>//*[@id="main"]//*[contains(text()," No computers found")]</arg>
</arguments>
<kw name="Capture Page Screenshot" library="SeleniumLibrary">
<doc>Takes screenshot of the current page and embeds it into log file.</doc>
<msg timestamp="20190710 21:26:41.993" level="INFO" html="yes">&lt;/td&gt;&lt;/tr&gt;&lt;tr&gt;&lt;td colspan="3"&gt;&lt;a href="selenium-screenshot-17.png"&gt;&lt;img src="selenium-screenshot-17.png" width="800px"&gt;&lt;/a&gt;</msg>
<status status="PASS" starttime="20190710 21:26:41.732" endtime="20190710 21:26:41.994"></status>
</kw>
<msg timestamp="20190710 21:26:41.994" level="FAIL">Page should have contained element '//*[@id="main"]//*[contains(text()," No computers found")]' but did not.</msg>
<status status="FAIL" starttime="20190710 21:26:41.715" endtime="20190710 21:26:41.994"></status>
</kw>
<status status="FAIL" starttime="20190710 21:26:41.715" endtime="20190710 21:26:41.994"></status>
</kw>
<kw name="Close current browser" type="teardown">
<kw name="Close Browser" library="SeleniumLibrary">
<doc>Closes the current browser.</doc>
<status status="PASS" starttime="20190710 21:26:41.995" endtime="20190710 21:26:44.070"></status>
</kw>
<status status="PASS" starttime="20190710 21:26:41.995" endtime="20190710 21:26:44.070"></status>
</kw>
<doc>Filter a computer that does not exist
Precondition:
Searchbox has been filled in
Filter by name has been clicked

Expected result:
Error message with no computers found

Test steps:</doc>
<tags>
<tag>Edit</tag>
<tag>Sadflow</tag>
</tags>
<status status="FAIL" starttime="20190710 21:26:36.946" endtime="20190710 21:26:44.071" critical="yes">Page should have contained element '//*[@id="main"]//*[contains(text()," No computers found")]' but did not.</status>
</test>
<test id="s1-t9" name="Test Case 9: Testing input fields exeptions">
<kw name="Open browser">
<doc>This keyword creates a webdriver with provided webbrowser</doc>
<kw name="Evaluate" library="BuiltIn">
<doc>Evaluates the given expression in Python and returns the results.</doc>
<arguments>
<arg>sys.modules['selenium.webdriver'].ChromeOptions()</arg>
<arg>sys, selenium.webdriver</arg>
</arguments>
<assign>
<var>${options}</var>
</assign>
<msg timestamp="20190710 21:26:44.073" level="INFO">${options} = &lt;selenium.webdriver.chrome.options.Options object at 0x000002047B5CA8D0&gt;</msg>
<status status="PASS" starttime="20190710 21:26:44.073" endtime="20190710 21:26:44.073"></status>
</kw>
<kw name="Call Method" library="BuiltIn">
<doc>Calls the named method of the given object with the provided arguments.</doc>
<arguments>
<arg>${options}</arg>
<arg>add_argument</arg>
<arg>disable-web-security</arg>
</arguments>
<status status="PASS" starttime="20190710 21:26:44.073" endtime="20190710 21:26:44.073"></status>
</kw>
<kw name="Call Method" library="BuiltIn">
<doc>Calls the named method of the given object with the provided arguments.</doc>
<arguments>
<arg>${options}</arg>
<arg>add_argument</arg>
<arg>disable-infobars</arg>
</arguments>
<status status="PASS" starttime="20190710 21:26:44.073" endtime="20190710 21:26:44.073"></status>
</kw>
<kw name="Create Webdriver" library="SeleniumLibrary">
<doc>Creates an instance of Selenium WebDriver.</doc>
<arguments>
<arg>Chrome</arg>
<arg>alias=${alias}</arg>
<arg>chrome_options=${options}</arg>
</arguments>
<msg timestamp="20190710 21:26:44.074" level="INFO">Creating an instance of the Chrome WebDriver.</msg>
<status status="PASS" starttime="20190710 21:26:44.073" endtime="20190710 21:26:46.106"></status>
</kw>
<status status="PASS" starttime="20190710 21:26:44.072" endtime="20190710 21:26:46.106"></status>
</kw>
<kw name="Navigate to provided url">
<kw name="Go To" library="SeleniumLibrary">
<doc>Navigates the active browser instance to the provided ``url``.</doc>
<arguments>
<arg>${URL}</arg>
</arguments>
<msg timestamp="20190710 21:26:46.107" level="INFO">Opening url 'http://computer-database.herokuapp.com/computers'</msg>
<status status="PASS" starttime="20190710 21:26:46.107" endtime="20190710 21:26:46.520"></status>
</kw>
<status status="PASS" starttime="20190710 21:26:46.107" endtime="20190710 21:26:46.520"></status>
</kw>
<kw name="Click 'Add a new computer' button">
<kw name="Click Element" library="SeleniumLibrary">
<doc>Click element identified by ``locator``.</doc>
<arguments>
<arg>id=add</arg>
</arguments>
<msg timestamp="20190710 21:26:46.521" level="INFO">Clicking element 'id=add'.</msg>
<status status="PASS" starttime="20190710 21:26:46.521" endtime="20190710 21:26:46.812"></status>
</kw>
<status status="PASS" starttime="20190710 21:26:46.521" endtime="20190710 21:26:46.813"></status>
</kw>
<kw name="Verify required fields">
<kw name="Click create computer">
<kw name="Click Element" library="SeleniumLibrary">
<doc>Click element identified by ``locator``.</doc>
<arguments>
<arg>//*[@class="btn primary"]</arg>
</arguments>
<msg timestamp="20190710 21:26:46.814" level="INFO">Clicking element '//*[@class="btn primary"]'.</msg>
<status status="PASS" starttime="20190710 21:26:46.813" endtime="20190710 21:26:47.007"></status>
</kw>
<kw name="Sleep" library="BuiltIn">
<doc>Pauses the test executed for the given time.</doc>
<arguments>
<arg>1s</arg>
</arguments>
<msg timestamp="20190710 21:26:48.008" level="INFO">Slept 1 second</msg>
<status status="PASS" starttime="20190710 21:26:47.008" endtime="20190710 21:26:48.008"></status>
</kw>
<status status="PASS" starttime="20190710 21:26:46.813" endtime="20190710 21:26:48.008"></status>
</kw>
<kw name="Page Should Contain Element" library="SeleniumLibrary">
<doc>Verifies that element ``locator`` is found on the current page.</doc>
<arguments>
<arg>//*[@class="clearfix error"]//*[contains(text(),"Required")]</arg>
</arguments>
<msg timestamp="20190710 21:26:48.019" level="INFO">Current page contains element '//*[@class="clearfix error"]//*[contains(text(),"Required")]'.</msg>
<status status="PASS" starttime="20190710 21:26:48.008" endtime="20190710 21:26:48.019"></status>
</kw>
<status status="PASS" starttime="20190710 21:26:46.813" endtime="20190710 21:26:48.019"></status>
</kw>
<kw name="Verify invalid date introduced date">
<kw name="Input Text" library="SeleniumLibrary">
<doc>Types the given ``text`` into text field identified by ``locator``.</doc>
<arguments>
<arg>id=introduced</arg>
<arg>000000</arg>
</arguments>
<msg timestamp="20190710 21:26:48.020" level="INFO">Typing text '000000' into text field 'id=introduced'.</msg>
<status status="PASS" starttime="20190710 21:26:48.020" endtime="20190710 21:26:48.086"></status>
</kw>
<kw name="Click create computer">
<kw name="Click Element" library="SeleniumLibrary">
<doc>Click element identified by ``locator``.</doc>
<arguments>
<arg>//*[@class="btn primary"]</arg>
</arguments>
<msg timestamp="20190710 21:26:48.086" level="INFO">Clicking element '//*[@class="btn primary"]'.</msg>
<status status="PASS" starttime="20190710 21:26:48.086" endtime="20190710 21:26:48.243"></status>
</kw>
<kw name="Sleep" library="BuiltIn">
<doc>Pauses the test executed for the given time.</doc>
<arguments>
<arg>1s</arg>
</arguments>
<msg timestamp="20190710 21:26:49.244" level="INFO">Slept 1 second</msg>
<status status="PASS" starttime="20190710 21:26:48.243" endtime="20190710 21:26:49.244"></status>
</kw>
<status status="PASS" starttime="20190710 21:26:48.086" endtime="20190710 21:26:49.244"></status>
</kw>
<kw name="Page Should Contain Element" library="SeleniumLibrary">
<doc>Verifies that element ``locator`` is found on the current page.</doc>
<arguments>
<arg>//*[@class="clearfix error"]//*[contains(text(),"Date ('yyyy-MM-dd')")]</arg>
</arguments>
<msg timestamp="20190710 21:26:49.254" level="INFO">Current page contains element '//*[@class="clearfix error"]//*[contains(text(),"Date ('yyyy-MM-dd')")]'.</msg>
<status status="PASS" starttime="20190710 21:26:49.244" endtime="20190710 21:26:49.254"></status>
</kw>
<status status="PASS" starttime="20190710 21:26:48.019" endtime="20190710 21:26:49.254"></status>
</kw>
<kw name="Verify invalid date discontinue date">
<kw name="Input Text" library="SeleniumLibrary">
<doc>Types the given ``text`` into text field identified by ``locator``.</doc>
<arguments>
<arg>id=discontinued</arg>
<arg>xxxxxxx</arg>
</arguments>
<msg timestamp="20190710 21:26:49.255" level="INFO">Typing text 'xxxxxxx' into text field 'id=discontinued'.</msg>
<status status="PASS" starttime="20190710 21:26:49.255" endtime="20190710 21:26:49.316"></status>
</kw>
<kw name="Click create computer">
<kw name="Click Element" library="SeleniumLibrary">
<doc>Click element identified by ``locator``.</doc>
<arguments>
<arg>//*[@class="btn primary"]</arg>
</arguments>
<msg timestamp="20190710 21:26:49.316" level="INFO">Clicking element '//*[@class="btn primary"]'.</msg>
<status status="PASS" starttime="20190710 21:26:49.316" endtime="20190710 21:26:49.457"></status>
</kw>
<kw name="Sleep" library="BuiltIn">
<doc>Pauses the test executed for the given time.</doc>
<arguments>
<arg>1s</arg>
</arguments>
<msg timestamp="20190710 21:26:50.458" level="INFO">Slept 1 second</msg>
<status status="PASS" starttime="20190710 21:26:49.457" endtime="20190710 21:26:50.458"></status>
</kw>
<status status="PASS" starttime="20190710 21:26:49.316" endtime="20190710 21:26:50.458"></status>
</kw>
<kw name="Page Should Contain Element" library="SeleniumLibrary">
<doc>Verifies that element ``locator`` is found on the current page.</doc>
<arguments>
<arg>//*[@class="clearfix error"]//*[contains(text(),"Date ('yyyy-MM-dd')")]</arg>
</arguments>
<msg timestamp="20190710 21:26:50.466" level="INFO">Current page contains element '//*[@class="clearfix error"]//*[contains(text(),"Date ('yyyy-MM-dd')")]'.</msg>
<status status="PASS" starttime="20190710 21:26:50.458" endtime="20190710 21:26:50.466"></status>
</kw>
<status status="PASS" starttime="20190710 21:26:49.255" endtime="20190710 21:26:50.466"></status>
</kw>
<kw name="Verify valid indtroduced and invalid discontinue date">
<kw name="Clear Element Text" library="SeleniumLibrary">
<doc>Clears the value of text entry element identified by ``locator``.</doc>
<arguments>
<arg>id=introduced</arg>
</arguments>
<status status="PASS" starttime="20190710 21:26:50.467" endtime="20190710 21:26:50.492"></status>
</kw>
<kw name="Page Should Not Contain Element" library="SeleniumLibrary">
<doc>Verifies that element ``locator`` is found on the current page.</doc>
<arguments>
<arg>//*[@class="clearfix error"]//*[contains(text(),"Date ('yyyy-MM-dd')")]</arg>
</arguments>
<kw name="Capture Page Screenshot" library="SeleniumLibrary">
<doc>Takes screenshot of the current page and embeds it into log file.</doc>
<msg timestamp="20190710 21:26:50.769" level="INFO" html="yes">&lt;/td&gt;&lt;/tr&gt;&lt;tr&gt;&lt;td colspan="3"&gt;&lt;a href="selenium-screenshot-18.png"&gt;&lt;img src="selenium-screenshot-18.png" width="800px"&gt;&lt;/a&gt;</msg>
<status status="PASS" starttime="20190710 21:26:50.505" endtime="20190710 21:26:50.769"></status>
</kw>
<msg timestamp="20190710 21:26:50.769" level="FAIL">Page should not have contained element '//*[@class="clearfix error"]//*[contains(text(),"Date ('yyyy-MM-dd')")]'.</msg>
<status status="FAIL" starttime="20190710 21:26:50.492" endtime="20190710 21:26:50.769"></status>
</kw>
<status status="FAIL" starttime="20190710 21:26:50.467" endtime="20190710 21:26:50.769"></status>
</kw>
<kw name="Close current browser" type="teardown">
<kw name="Close Browser" library="SeleniumLibrary">
<doc>Closes the current browser.</doc>
<status status="PASS" starttime="20190710 21:26:50.770" endtime="20190710 21:26:52.831"></status>
</kw>
<status status="PASS" starttime="20190710 21:26:50.770" endtime="20190710 21:26:52.831"></status>
</kw>
<doc>Testing input fields
Precondition:
Add a computer screen is visible

Expected result:
Error message when the requirements of fields have been met

Test steps:</doc>
<tags>
<tag>exeptions</tag>
<tag>Sadflow</tag>
</tags>
<status status="FAIL" starttime="20190710 21:26:44.072" endtime="20190710 21:26:52.832" critical="yes">Page should not have contained element '//*[@class="clearfix error"]//*[contains(text(),"Date ('yyyy-MM-dd')")]'.</status>
</test>
<test id="s1-t10" name="Test Case 10: Verify special characters">
<kw name="Open browser">
<doc>This keyword creates a webdriver with provided webbrowser</doc>
<kw name="Evaluate" library="BuiltIn">
<doc>Evaluates the given expression in Python and returns the results.</doc>
<arguments>
<arg>sys.modules['selenium.webdriver'].ChromeOptions()</arg>
<arg>sys, selenium.webdriver</arg>
</arguments>
<assign>
<var>${options}</var>
</assign>
<msg timestamp="20190710 21:26:52.835" level="INFO">${options} = &lt;selenium.webdriver.chrome.options.Options object at 0x000002047B5E17B8&gt;</msg>
<status status="PASS" starttime="20190710 21:26:52.834" endtime="20190710 21:26:52.835"></status>
</kw>
<kw name="Call Method" library="BuiltIn">
<doc>Calls the named method of the given object with the provided arguments.</doc>
<arguments>
<arg>${options}</arg>
<arg>add_argument</arg>
<arg>disable-web-security</arg>
</arguments>
<status status="PASS" starttime="20190710 21:26:52.835" endtime="20190710 21:26:52.835"></status>
</kw>
<kw name="Call Method" library="BuiltIn">
<doc>Calls the named method of the given object with the provided arguments.</doc>
<arguments>
<arg>${options}</arg>
<arg>add_argument</arg>
<arg>disable-infobars</arg>
</arguments>
<status status="PASS" starttime="20190710 21:26:52.835" endtime="20190710 21:26:52.835"></status>
</kw>
<kw name="Create Webdriver" library="SeleniumLibrary">
<doc>Creates an instance of Selenium WebDriver.</doc>
<arguments>
<arg>Chrome</arg>
<arg>alias=${alias}</arg>
<arg>chrome_options=${options}</arg>
</arguments>
<msg timestamp="20190710 21:26:52.835" level="INFO">Creating an instance of the Chrome WebDriver.</msg>
<status status="PASS" starttime="20190710 21:26:52.835" endtime="20190710 21:26:54.886"></status>
</kw>
<status status="PASS" starttime="20190710 21:26:52.834" endtime="20190710 21:26:54.886"></status>
</kw>
<kw name="Navigate to provided url">
<kw name="Go To" library="SeleniumLibrary">
<doc>Navigates the active browser instance to the provided ``url``.</doc>
<arguments>
<arg>${URL}</arg>
</arguments>
<msg timestamp="20190710 21:26:54.888" level="INFO">Opening url 'http://computer-database.herokuapp.com/computers'</msg>
<status status="PASS" starttime="20190710 21:26:54.887" endtime="20190710 21:26:55.414"></status>
</kw>
<status status="PASS" starttime="20190710 21:26:54.887" endtime="20190710 21:26:55.414"></status>
</kw>
<kw name="Click 'Add a new computer' button">
<kw name="Click Element" library="SeleniumLibrary">
<doc>Click element identified by ``locator``.</doc>
<arguments>
<arg>id=add</arg>
</arguments>
<msg timestamp="20190710 21:26:55.415" level="INFO">Clicking element 'id=add'.</msg>
<status status="PASS" starttime="20190710 21:26:55.415" endtime="20190710 21:26:55.596"></status>
</kw>
<status status="PASS" starttime="20190710 21:26:55.414" endtime="20190710 21:26:55.596"></status>
</kw>
<kw name="Fill in computername special charaters">
<kw name="Input Text" library="SeleniumLibrary">
<doc>Types the given ``text`` into text field identified by ``locator``.</doc>
<arguments>
<arg>id=name</arg>
<arg>${computerSpecialCharacter}</arg>
</arguments>
<msg timestamp="20190710 21:26:55.597" level="INFO">Typing text 'Ðíäĸřìéŧên &amp; $p€cial€ t€k€n$ met ÁΠĪ’s' into text field 'id=name'.</msg>
<status status="PASS" starttime="20190710 21:26:55.597" endtime="20190710 21:26:55.730"></status>
</kw>
<status status="PASS" starttime="20190710 21:26:55.597" endtime="20190710 21:26:55.730"></status>
</kw>
<kw name="Click create computer">
<kw name="Click Element" library="SeleniumLibrary">
<doc>Click element identified by ``locator``.</doc>
<arguments>
<arg>//*[@class="btn primary"]</arg>
</arguments>
<msg timestamp="20190710 21:26:55.730" level="INFO">Clicking element '//*[@class="btn primary"]'.</msg>
<status status="PASS" starttime="20190710 21:26:55.730" endtime="20190710 21:26:56.008"></status>
</kw>
<kw name="Sleep" library="BuiltIn">
<doc>Pauses the test executed for the given time.</doc>
<arguments>
<arg>1s</arg>
</arguments>
<msg timestamp="20190710 21:26:57.010" level="INFO">Slept 1 second</msg>
<status status="PASS" starttime="20190710 21:26:56.008" endtime="20190710 21:26:57.010"></status>
</kw>
<status status="PASS" starttime="20190710 21:26:55.730" endtime="20190710 21:26:57.010"></status>
</kw>
<kw name="Verify created computer special message">
<kw name="Page Should Contain Element" library="SeleniumLibrary">
<doc>Verifies that element ``locator`` is found on the current page.</doc>
<arguments>
<arg>//*[@class="alert-message warning"]//*[contains(text()," Computer ${computerSpecialCharacter} has been deleted")]</arg>
</arguments>
<kw name="Capture Page Screenshot" library="SeleniumLibrary">
<doc>Takes screenshot of the current page and embeds it into log file.</doc>
<msg timestamp="20190710 21:26:57.292" level="INFO" html="yes">&lt;/td&gt;&lt;/tr&gt;&lt;tr&gt;&lt;td colspan="3"&gt;&lt;a href="selenium-screenshot-19.png"&gt;&lt;img src="selenium-screenshot-19.png" width="800px"&gt;&lt;/a&gt;</msg>
<status status="PASS" starttime="20190710 21:26:57.026" endtime="20190710 21:26:57.292"></status>
</kw>
<msg timestamp="20190710 21:26:57.293" level="FAIL">Page should have contained element '//*[@class="alert-message warning"]//*[contains(text()," Computer Ðíäĸřìéŧên &amp; $p€cial€ t€k€n$ met ÁΠĪ’s has been deleted")]' but did not.</msg>
<status status="FAIL" starttime="20190710 21:26:57.010" endtime="20190710 21:26:57.293"></status>
</kw>
<status status="FAIL" starttime="20190710 21:26:57.010" endtime="20190710 21:26:57.293"></status>
</kw>
<kw name="Close current browser" type="teardown">
<kw name="Close Browser" library="SeleniumLibrary">
<doc>Closes the current browser.</doc>
<status status="PASS" starttime="20190710 21:26:57.294" endtime="20190710 21:26:59.355"></status>
</kw>
<status status="PASS" starttime="20190710 21:26:57.294" endtime="20190710 21:26:59.355"></status>
</kw>
<doc>Testing input fields for special characters
Precondition:
Add a computer screen is visible

Expected result:
New computer is added with special characters

Test steps:</doc>
<tags>
<tag>exeptions</tag>
<tag>Sadflow</tag>
</tags>
<status status="FAIL" starttime="20190710 21:26:52.833" endtime="20190710 21:26:59.356" critical="yes">Page should have contained element '//*[@class="alert-message warning"]//*[contains(text()," Computer Ðíäĸřìéŧên &amp; $p€cial€ t€k€n$ met ÁΠĪ’s has been deleted")]' but did not.</status>
</test>
<test id="s1-t11" name="Test Case 11: Delete all added computers">
<kw name="Open browser">
<doc>This keyword creates a webdriver with provided webbrowser</doc>
<kw name="Evaluate" library="BuiltIn">
<doc>Evaluates the given expression in Python and returns the results.</doc>
<arguments>
<arg>sys.modules['selenium.webdriver'].ChromeOptions()</arg>
<arg>sys, selenium.webdriver</arg>
</arguments>
<assign>
<var>${options}</var>
</assign>
<msg timestamp="20190710 21:26:59.359" level="INFO">${options} = &lt;selenium.webdriver.chrome.options.Options object at 0x000002047B5ECFD0&gt;</msg>
<status status="PASS" starttime="20190710 21:26:59.359" endtime="20190710 21:26:59.359"></status>
</kw>
<kw name="Call Method" library="BuiltIn">
<doc>Calls the named method of the given object with the provided arguments.</doc>
<arguments>
<arg>${options}</arg>
<arg>add_argument</arg>
<arg>disable-web-security</arg>
</arguments>
<status status="PASS" starttime="20190710 21:26:59.359" endtime="20190710 21:26:59.360"></status>
</kw>
<kw name="Call Method" library="BuiltIn">
<doc>Calls the named method of the given object with the provided arguments.</doc>
<arguments>
<arg>${options}</arg>
<arg>add_argument</arg>
<arg>disable-infobars</arg>
</arguments>
<status status="PASS" starttime="20190710 21:26:59.360" endtime="20190710 21:26:59.360"></status>
</kw>
<kw name="Create Webdriver" library="SeleniumLibrary">
<doc>Creates an instance of Selenium WebDriver.</doc>
<arguments>
<arg>Chrome</arg>
<arg>alias=${alias}</arg>
<arg>chrome_options=${options}</arg>
</arguments>
<msg timestamp="20190710 21:26:59.360" level="INFO">Creating an instance of the Chrome WebDriver.</msg>
<status status="PASS" starttime="20190710 21:26:59.360" endtime="20190710 21:27:01.406"></status>
</kw>
<status status="PASS" starttime="20190710 21:26:59.359" endtime="20190710 21:27:01.406"></status>
</kw>
<kw name="Navigate to provided url">
<kw name="Go To" library="SeleniumLibrary">
<doc>Navigates the active browser instance to the provided ``url``.</doc>
<arguments>
<arg>${URL}</arg>
</arguments>
<msg timestamp="20190710 21:27:01.407" level="INFO">Opening url 'http://computer-database.herokuapp.com/computers'</msg>
<status status="PASS" starttime="20190710 21:27:01.407" endtime="20190710 21:27:01.935"></status>
</kw>
<status status="PASS" starttime="20190710 21:27:01.406" endtime="20190710 21:27:01.935"></status>
</kw>
<kw name="Delete all added computers">
<kw name="Type computername 2 into searchfield">
<kw name="Input Text" library="SeleniumLibrary">
<doc>Types the given ``text`` into text field identified by ``locator``.</doc>
<arguments>
<arg>id=searchbox</arg>
<arg>${computerName2}</arg>
</arguments>
<msg timestamp="20190710 21:27:01.936" level="INFO">Typing text 'HP X1' into text field 'id=searchbox'.</msg>
<status status="PASS" starttime="20190710 21:27:01.936" endtime="20190710 21:27:02.003"></status>
</kw>
<kw name="Sleep" library="BuiltIn">
<doc>Pauses the test executed for the given time.</doc>
<arguments>
<arg>1s</arg>
</arguments>
<msg timestamp="20190710 21:27:03.003" level="INFO">Slept 1 second</msg>
<status status="PASS" starttime="20190710 21:27:02.003" endtime="20190710 21:27:03.003"></status>
</kw>
<status status="PASS" starttime="20190710 21:27:01.936" endtime="20190710 21:27:03.003"></status>
</kw>
<kw name="Click &quot;Filter by name&quot;">
<kw name="Click Element" library="SeleniumLibrary">
<doc>Click element identified by ``locator``.</doc>
<arguments>
<arg>id=searchsubmit</arg>
</arguments>
<msg timestamp="20190710 21:27:03.003" level="INFO">Clicking element 'id=searchsubmit'.</msg>
<status status="PASS" starttime="20190710 21:27:03.003" endtime="20190710 21:27:03.145"></status>
</kw>
<kw name="Sleep" library="BuiltIn">
<doc>Pauses the test executed for the given time.</doc>
<arguments>
<arg>1s</arg>
</arguments>
<msg timestamp="20190710 21:27:04.146" level="INFO">Slept 1 second</msg>
<status status="PASS" starttime="20190710 21:27:03.145" endtime="20190710 21:27:04.146"></status>
</kw>
<status status="PASS" starttime="20190710 21:27:03.003" endtime="20190710 21:27:04.146"></status>
</kw>
<kw name="Click computer 2">
<kw name="Click Element" library="SeleniumLibrary">
<doc>Click element identified by ``locator``.</doc>
<arguments>
<arg>//*[contains(text(),"${computerName2}")]</arg>
</arguments>
<msg timestamp="20190710 21:27:04.146" level="INFO">Clicking element '//*[contains(text(),"HP X1")]'.</msg>
<kw name="Capture Page Screenshot" library="SeleniumLibrary">
<doc>Takes screenshot of the current page and embeds it into log file.</doc>
<msg timestamp="20190710 21:27:04.422" level="INFO" html="yes">&lt;/td&gt;&lt;/tr&gt;&lt;tr&gt;&lt;td colspan="3"&gt;&lt;a href="selenium-screenshot-20.png"&gt;&lt;img src="selenium-screenshot-20.png" width="800px"&gt;&lt;/a&gt;</msg>
<status status="PASS" starttime="20190710 21:27:04.157" endtime="20190710 21:27:04.422"></status>
</kw>
<msg timestamp="20190710 21:27:04.423" level="FAIL">Element with locator '//*[contains(text(),"HP X1")]' not found.</msg>
<status status="FAIL" starttime="20190710 21:27:04.146" endtime="20190710 21:27:04.423"></status>
</kw>
<status status="FAIL" starttime="20190710 21:27:04.146" endtime="20190710 21:27:04.423"></status>
</kw>
<status status="FAIL" starttime="20190710 21:27:01.935" endtime="20190710 21:27:04.423"></status>
</kw>
<kw name="Close current browser" type="teardown">
<kw name="Close Browser" library="SeleniumLibrary">
<doc>Closes the current browser.</doc>
<status status="PASS" starttime="20190710 21:27:04.424" endtime="20190710 21:27:06.493"></status>
</kw>
<status status="PASS" starttime="20190710 21:27:04.424" endtime="20190710 21:27:06.493"></status>
</kw>
<doc>Resets database to previous state
Precondition:
The computers in this tests have been added

Expected result:
The computers in this tests will be removed

Test steps:</doc>
<tags>
<tag>Reset</tag>
</tags>
<status status="FAIL" starttime="20190710 21:26:59.358" endtime="20190710 21:27:06.494" critical="yes">Element with locator '//*[contains(text(),"HP X1")]' not found.</status>
</test>
<doc>This suite tests the herokuapp site to check
if basic functionality works properly</doc>
<status status="FAIL" starttime="20190710 21:25:46.222" endtime="20190710 21:27:06.496"></status>
</suite>
<statistics>
<total>
<stat pass="2" fail="9">Critical Tests</stat>
<stat pass="2" fail="9">All Tests</stat>
</total>
<tag>
<stat pass="0" fail="1">Create</stat>
<stat pass="0" fail="1">Delete</stat>
<stat pass="0" fail="3">Edit</stat>
<stat pass="0" fail="2">exeptions</stat>
<stat pass="2" fail="4">Happyflow</stat>
<stat pass="0" fail="1">Read</stat>
<stat pass="0" fail="1">Reset</stat>
<stat pass="0" fail="4">Sadflow</stat>
</tag>
<suite>
<stat pass="2" fail="9" id="s1" name="Test 1">Test 1</stat>
</suite>
</statistics>
<errors>
</errors>
</robot>
