<?xml version="1.0" encoding="UTF-8"?>
<robot generator="Robot 3.1.2 (Python 3.7.3 on win32)" generated="20190714 21:05:57.395" rpa="false">
<suite id="s1" name="Test Suite 1" source="C:\Users\MoriRyan\PycharmProjects\demoBackbase\Test Suite 1.robot">
<test id="s1-t1" name="Test Case 0: Check device">
<kw name="Run" library="OperatingSystem">
<doc>Runs the given command in the system and returns the output.</doc>
<arguments>
<arg>adb devices</arg>
</arguments>
<assign>
<var>${output}</var>
</assign>
<msg timestamp="20190714 21:05:57.661" level="INFO">Running command 'adb devices 2&gt;&amp;1'.</msg>
<msg timestamp="20190714 21:06:01.739" level="INFO">${output} = List of devices attached

* daemon not running; starting now at tcp:5037
* daemon started successfully</msg>
<status status="PASS" starttime="20190714 21:05:57.661" endtime="20190714 21:06:01.739"></status>
</kw>
<kw name="Log" library="BuiltIn">
<doc>Logs the given message with the given level.</doc>
<arguments>
<arg>${output}</arg>
</arguments>
<msg timestamp="20190714 21:06:01.739" level="INFO">List of devices attached

* daemon not running; starting now at tcp:5037
* daemon started successfully</msg>
<status status="PASS" starttime="20190714 21:06:01.739" endtime="20190714 21:06:01.739"></status>
</kw>
<kw name="Set Suite Variable" library="BuiltIn">
<doc>Makes a variable available everywhere within the scope of the current suite.</doc>
<arguments>
<arg>${output}</arg>
</arguments>
<msg timestamp="20190714 21:06:01.739" level="INFO">${output} = List of devices attached

* daemon not running; starting now at tcp:5037
* daemon started successfully</msg>
<status status="PASS" starttime="20190714 21:06:01.739" endtime="20190714 21:06:01.739"></status>
</kw>
<kw name="Get Line Count" library="String">
<doc>Returns and logs the number of lines in the given string.</doc>
<arguments>
<arg>${output}</arg>
</arguments>
<assign>
<var>${lines}</var>
</assign>
<msg timestamp="20190714 21:06:01.739" level="INFO">4 lines</msg>
<msg timestamp="20190714 21:06:01.739" level="INFO">${lines} = 4</msg>
<status status="PASS" starttime="20190714 21:06:01.739" endtime="20190714 21:06:01.739"></status>
</kw>
<kw name="Run Keyword If" library="BuiltIn">
<doc>Runs the given keyword with the given arguments, if ``condition`` is true.</doc>
<arguments>
<arg>'${lines}'=='1'</arg>
<arg>run keywords</arg>
<arg>log to console</arg>
<arg>There is no mobile device connected, running the tests on a computer.</arg>
<arg>AND</arg>
<arg>set global variable</arg>
<arg>${device}</arg>
<arg>Laptop</arg>
</arguments>
<status status="PASS" starttime="20190714 21:06:01.739" endtime="20190714 21:06:01.739"></status>
</kw>
<kw name="Run Keyword If" library="BuiltIn">
<doc>Runs the given keyword with the given arguments, if ``condition`` is true.</doc>
<arguments>
<arg>'${lines}'&gt;'1'</arg>
<arg>Check 2</arg>
</arguments>
<kw name="Check 2">
<kw name="Get Line" library="String">
<doc>Returns the specified line from the given ``string``.</doc>
<arguments>
<arg>${output}</arg>
<arg>1</arg>
</arguments>
<assign>
<var>${msg}</var>
</assign>
<msg timestamp="20190714 21:06:01.739" level="INFO">${msg} = </msg>
<status status="PASS" starttime="20190714 21:06:01.739" endtime="20190714 21:06:01.739"></status>
</kw>
<kw name="Run Keyword And Return Status" library="BuiltIn">
<doc>Runs the given keyword with given arguments and returns the status as a Boolean value.</doc>
<arguments>
<arg>Should contain</arg>
<arg>${msg}</arg>
<arg>device</arg>
</arguments>
<assign>
<var>${status}</var>
</assign>
<kw name="Should Contain" library="BuiltIn">
<doc>Fails if ``container`` does not contain ``item`` one or more times.</doc>
<arguments>
<arg>${msg}</arg>
<arg>device</arg>
</arguments>
<msg timestamp="20190714 21:06:01.739" level="FAIL">'' does not contain 'device'</msg>
<status status="FAIL" starttime="20190714 21:06:01.739" endtime="20190714 21:06:01.739"></status>
</kw>
<msg timestamp="20190714 21:06:01.739" level="INFO">${status} = False</msg>
<status status="PASS" starttime="20190714 21:06:01.739" endtime="20190714 21:06:01.739"></status>
</kw>
<kw name="Run Keyword If" library="BuiltIn">
<doc>Runs the given keyword with the given arguments, if ``condition`` is true.</doc>
<arguments>
<arg>${status}==False</arg>
<arg>run keywords</arg>
<arg>log to console</arg>
<arg>There is no mobile device connected, running the tests on a computer.</arg>
<arg>AND</arg>
<arg>set global variable</arg>
<arg>${device}</arg>
<arg>Laptop</arg>
<arg>ELSE</arg>
<arg>run keywords</arg>
<arg>log to console</arg>
<arg>Found a connected mobile device, running the tests on this device.</arg>
<arg>AND</arg>
<arg>Set up mobile device</arg>
</arguments>
<kw name="Run Keywords" library="BuiltIn">
<doc>Executes all the given keywords in a sequence.</doc>
<arguments>
<arg>log to console</arg>
<arg>There is no mobile device connected, running the tests on a computer.</arg>
<arg>AND</arg>
<arg>set global variable</arg>
<arg>${device}</arg>
<arg>Laptop</arg>
</arguments>
<kw name="Log To Console" library="BuiltIn">
<doc>Logs the given message to the console.</doc>
<arguments>
<arg>There is no mobile device connected, running the tests on a computer.</arg>
</arguments>
<status status="PASS" starttime="20190714 21:06:01.739" endtime="20190714 21:06:01.739"></status>
</kw>
<kw name="Set Global Variable" library="BuiltIn">
<doc>Makes a variable available globally in all tests and suites.</doc>
<arguments>
<arg>${device}</arg>
<arg>Laptop</arg>
</arguments>
<msg timestamp="20190714 21:06:01.739" level="INFO">${device} = Laptop</msg>
<status status="PASS" starttime="20190714 21:06:01.739" endtime="20190714 21:06:01.739"></status>
</kw>
<status status="PASS" starttime="20190714 21:06:01.739" endtime="20190714 21:06:01.739"></status>
</kw>
<status status="PASS" starttime="20190714 21:06:01.739" endtime="20190714 21:06:01.739"></status>
</kw>
<status status="PASS" starttime="20190714 21:06:01.739" endtime="20190714 21:06:01.739"></status>
</kw>
<status status="PASS" starttime="20190714 21:06:01.739" endtime="20190714 21:06:01.739"></status>
</kw>
<kw name="Close current browser" type="teardown">
<kw name="Run Keyword If" library="BuiltIn">
<doc>Runs the given keyword with the given arguments, if ``condition`` is true.</doc>
<arguments>
<arg>'${device}'=='Laptop'</arg>
<arg>Run Keyword If Test Failed</arg>
<arg>SeleniumLibrary.Capture page screenshot</arg>
<arg>ELSE IF</arg>
<arg>'${device}'=='Phone'</arg>
<arg>Run Keyword If Test Failed</arg>
<arg>AppiumLibrary.Capture page screenshot</arg>
</arguments>
<kw name="Run Keyword If Test Failed" library="BuiltIn">
<doc>Runs the given keyword with the given arguments, if the test failed.</doc>
<arguments>
<arg>SeleniumLibrary.Capture page screenshot</arg>
</arguments>
<status status="PASS" starttime="20190714 21:06:01.739" endtime="20190714 21:06:01.739"></status>
</kw>
<status status="PASS" starttime="20190714 21:06:01.739" endtime="20190714 21:06:01.739"></status>
</kw>
<kw name="Run Keyword If" library="BuiltIn">
<doc>Runs the given keyword with the given arguments, if ``condition`` is true.</doc>
<arguments>
<arg>'${device}'=='Laptop'</arg>
<arg>SeleniumLibrary.Close Browser</arg>
</arguments>
<kw name="Close Browser" library="SeleniumLibrary">
<doc>Closes the current browser.</doc>
<status status="PASS" starttime="20190714 21:06:01.739" endtime="20190714 21:06:01.739"></status>
</kw>
<status status="PASS" starttime="20190714 21:06:01.739" endtime="20190714 21:06:01.739"></status>
</kw>
<status status="PASS" starttime="20190714 21:06:01.739" endtime="20190714 21:06:01.739"></status>
</kw>
<tags>
<tag>Check</tag>
<tag>Happyflow</tag>
</tags>
<status status="PASS" starttime="20190714 21:05:57.661" endtime="20190714 21:06:01.739" critical="yes"></status>
</test>
<doc>This suite tests the herokuapp site to check
if basic functionality works properly</doc>
<status status="PASS" starttime="20190714 21:05:57.395" endtime="20190714 21:06:01.739"></status>
</suite>
<statistics>
<total>
<stat pass="1" fail="0">Critical Tests</stat>
<stat pass="1" fail="0">All Tests</stat>
</total>
<tag>
<stat pass="1" fail="0">Check</stat>
<stat pass="1" fail="0">Happyflow</stat>
</tag>
<suite>
<stat pass="1" fail="0" id="s1" name="Test Suite 1">Test Suite 1</stat>
</suite>
</statistics>
<errors>
</errors>
</robot>
